2021-10-31 07:51:46 [Logs!] error: MongooseError: Operation `users.findOne()` buffering timed out after 10000ms
    at Timeout.<anonymous> (/Users/macbook/Desktop/CodeTest/node_modules/mongoose/lib/drivers/node-mongodb-native/collection.js:185:20)
    at listOnTimeout (internal/timers.js:557:17)
    at processTimers (internal/timers.js:500:7)

2021-10-31 11:26:53 [Logs!] error: MongooseError: Operation `users.findOne()` buffering timed out after 10000ms
    at Timeout.<anonymous> (/Users/macbook/Desktop/CodeTest/node_modules/mongoose/lib/drivers/node-mongodb-native/collection.js:185:20)
    at listOnTimeout (internal/timers.js:557:17)
    at processTimers (internal/timers.js:500:7)

2021-10-31 13:05:29 [Logs!] error: Error: listen EADDRINUSE: address already in use :::5678
    at Server.setupListenHandle [as _listen2] (net.js:1331:16)
    at listenInCluster (net.js:1379:12)
    at Server.listen (net.js:1465:7)
    at Function.listen (/Users/macbook/Desktop/CodeTest/node_modules/express/lib/application.js:618:24)
    at Object.<anonymous> (/Users/macbook/Desktop/CodeTest/app.js:53:5)
    at Module._compile (internal/modules/cjs/loader.js:1085:14)
    at loader (/Users/macbook/Desktop/CodeTest/node_modules/babel-register/lib/node.js:144:5)
    at Object.require.extensions.<computed> [as .js] (/Users/macbook/Desktop/CodeTest/node_modules/babel-register/lib/node.js:154:7)
    at Module.load (internal/modules/cjs/loader.js:950:32)
    at Function.Module._load (internal/modules/cjs/loader.js:790:12)
    at Function.executeUserEntryPoint [as runMain] (internal/modules/run_main.js:76:12)
    at Object.<anonymous> (/Users/macbook/Desktop/CodeTest/node_modules/babel-cli/lib/_babel-node.js:154:22)
    at Module._compile (internal/modules/cjs/loader.js:1085:14)
    at Object.Module._extensions..js (internal/modules/cjs/loader.js:1114:10)
    at Module.load (internal/modules/cjs/loader.js:950:32)
    at Function.Module._load (internal/modules/cjs/loader.js:790:12)

2021-10-31 15:04:43 [Logs!] error: Error: listen EADDRINUSE: address already in use :::5678
    at Server.setupListenHandle [as _listen2] (net.js:1331:16)
    at listenInCluster (net.js:1379:12)
    at Server.listen (net.js:1465:7)
    at Function.listen (/Users/macbook/Desktop/CodeTest/node_modules/express/lib/application.js:618:24)
    at Object.<anonymous> (/Users/macbook/Desktop/CodeTest/app.js:53:5)
    at Module._compile (internal/modules/cjs/loader.js:1085:14)
    at loader (/Users/macbook/Desktop/CodeTest/node_modules/babel-register/lib/node.js:144:5)
    at Object.require.extensions.<computed> [as .js] (/Users/macbook/Desktop/CodeTest/node_modules/babel-register/lib/node.js:154:7)
    at Module.load (internal/modules/cjs/loader.js:950:32)
    at Function.Module._load (internal/modules/cjs/loader.js:790:12)
    at Function.executeUserEntryPoint [as runMain] (internal/modules/run_main.js:76:12)
    at Object.<anonymous> (/Users/macbook/Desktop/CodeTest/node_modules/babel-cli/lib/_babel-node.js:154:22)
    at Module._compile (internal/modules/cjs/loader.js:1085:14)
    at Object.Module._extensions..js (internal/modules/cjs/loader.js:1114:10)
    at Module.load (internal/modules/cjs/loader.js:950:32)
    at Function.Module._load (internal/modules/cjs/loader.js:790:12)

2021-10-31 15:04:46 [Logs!] error: Error: listen EADDRINUSE: address already in use :::5678
    at Server.setupListenHandle [as _listen2] (net.js:1331:16)
    at listenInCluster (net.js:1379:12)
    at Server.listen (net.js:1465:7)
    at Function.listen (/Users/macbook/Desktop/CodeTest/node_modules/express/lib/application.js:618:24)
    at Object.<anonymous> (/Users/macbook/Desktop/CodeTest/app.js:53:5)
    at Module._compile (internal/modules/cjs/loader.js:1085:14)
    at loader (/Users/macbook/Desktop/CodeTest/node_modules/babel-register/lib/node.js:144:5)
    at Object.require.extensions.<computed> [as .js] (/Users/macbook/Desktop/CodeTest/node_modules/babel-register/lib/node.js:154:7)
    at Module.load (internal/modules/cjs/loader.js:950:32)
    at Function.Module._load (internal/modules/cjs/loader.js:790:12)
    at Function.executeUserEntryPoint [as runMain] (internal/modules/run_main.js:76:12)
    at Object.<anonymous> (/Users/macbook/Desktop/CodeTest/node_modules/babel-cli/lib/_babel-node.js:154:22)
    at Module._compile (internal/modules/cjs/loader.js:1085:14)
    at Object.Module._extensions..js (internal/modules/cjs/loader.js:1114:10)
    at Module.load (internal/modules/cjs/loader.js:950:32)
    at Function.Module._load (internal/modules/cjs/loader.js:790:12)

2021-10-31 15:04:46 [Logs!] error: Error: listen EADDRINUSE: address already in use :::5678
    at Server.setupListenHandle [as _listen2] (net.js:1331:16)
    at listenInCluster (net.js:1379:12)
    at Server.listen (net.js:1465:7)
    at Function.listen (/Users/macbook/Desktop/CodeTest/node_modules/express/lib/application.js:618:24)
    at Object.<anonymous> (/Users/macbook/Desktop/CodeTest/app.js:53:5)
    at Module._compile (internal/modules/cjs/loader.js:1085:14)
    at loader (/Users/macbook/Desktop/CodeTest/node_modules/babel-register/lib/node.js:144:5)
    at Object.require.extensions.<computed> [as .js] (/Users/macbook/Desktop/CodeTest/node_modules/babel-register/lib/node.js:154:7)
    at Module.load (internal/modules/cjs/loader.js:950:32)
    at Function.Module._load (internal/modules/cjs/loader.js:790:12)
    at Function.executeUserEntryPoint [as runMain] (internal/modules/run_main.js:76:12)
    at Object.<anonymous> (/Users/macbook/Desktop/CodeTest/node_modules/babel-cli/lib/_babel-node.js:154:22)
    at Module._compile (internal/modules/cjs/loader.js:1085:14)
    at Object.Module._extensions..js (internal/modules/cjs/loader.js:1114:10)
    at Module.load (internal/modules/cjs/loader.js:950:32)
    at Function.Module._load (internal/modules/cjs/loader.js:790:12)

2021-10-31 15:04:48 [Logs!] error: Error: listen EADDRINUSE: address already in use :::5678
    at Server.setupListenHandle [as _listen2] (net.js:1331:16)
    at listenInCluster (net.js:1379:12)
    at Server.listen (net.js:1465:7)
    at Function.listen (/Users/macbook/Desktop/CodeTest/node_modules/express/lib/application.js:618:24)
    at Object.<anonymous> (/Users/macbook/Desktop/CodeTest/app.js:53:5)
    at Module._compile (internal/modules/cjs/loader.js:1085:14)
    at loader (/Users/macbook/Desktop/CodeTest/node_modules/babel-register/lib/node.js:144:5)
    at Object.require.extensions.<computed> [as .js] (/Users/macbook/Desktop/CodeTest/node_modules/babel-register/lib/node.js:154:7)
    at Module.load (internal/modules/cjs/loader.js:950:32)
    at Function.Module._load (internal/modules/cjs/loader.js:790:12)
    at Function.executeUserEntryPoint [as runMain] (internal/modules/run_main.js:76:12)
    at Object.<anonymous> (/Users/macbook/Desktop/CodeTest/node_modules/babel-cli/lib/_babel-node.js:154:22)
    at Module._compile (internal/modules/cjs/loader.js:1085:14)
    at Object.Module._extensions..js (internal/modules/cjs/loader.js:1114:10)
    at Module.load (internal/modules/cjs/loader.js:950:32)
    at Function.Module._load (internal/modules/cjs/loader.js:790:12)

2021-10-31 15:04:48 [Logs!] error: Error: listen EADDRINUSE: address already in use :::5678
    at Server.setupListenHandle [as _listen2] (net.js:1331:16)
    at listenInCluster (net.js:1379:12)
    at Server.listen (net.js:1465:7)
    at Function.listen (/Users/macbook/Desktop/CodeTest/node_modules/express/lib/application.js:618:24)
    at Object.<anonymous> (/Users/macbook/Desktop/CodeTest/app.js:53:5)
    at Module._compile (internal/modules/cjs/loader.js:1085:14)
    at loader (/Users/macbook/Desktop/CodeTest/node_modules/babel-register/lib/node.js:144:5)
    at Object.require.extensions.<computed> [as .js] (/Users/macbook/Desktop/CodeTest/node_modules/babel-register/lib/node.js:154:7)
    at Module.load (internal/modules/cjs/loader.js:950:32)
    at Function.Module._load (internal/modules/cjs/loader.js:790:12)
    at Function.executeUserEntryPoint [as runMain] (internal/modules/run_main.js:76:12)
    at Object.<anonymous> (/Users/macbook/Desktop/CodeTest/node_modules/babel-cli/lib/_babel-node.js:154:22)
    at Module._compile (internal/modules/cjs/loader.js:1085:14)
    at Object.Module._extensions..js (internal/modules/cjs/loader.js:1114:10)
    at Module.load (internal/modules/cjs/loader.js:950:32)
    at Function.Module._load (internal/modules/cjs/loader.js:790:12)

2021-10-31 15:04:50 [Logs!] error: Error: listen EADDRINUSE: address already in use :::5678
    at Server.setupListenHandle [as _listen2] (net.js:1331:16)
    at listenInCluster (net.js:1379:12)
    at Server.listen (net.js:1465:7)
    at Function.listen (/Users/macbook/Desktop/CodeTest/node_modules/express/lib/application.js:618:24)
    at Object.<anonymous> (/Users/macbook/Desktop/CodeTest/app.js:53:5)
    at Module._compile (internal/modules/cjs/loader.js:1085:14)
    at loader (/Users/macbook/Desktop/CodeTest/node_modules/babel-register/lib/node.js:144:5)
    at Object.require.extensions.<computed> [as .js] (/Users/macbook/Desktop/CodeTest/node_modules/babel-register/lib/node.js:154:7)
    at Module.load (internal/modules/cjs/loader.js:950:32)
    at Function.Module._load (internal/modules/cjs/loader.js:790:12)
    at Function.executeUserEntryPoint [as runMain] (internal/modules/run_main.js:76:12)
    at Object.<anonymous> (/Users/macbook/Desktop/CodeTest/node_modules/babel-cli/lib/_babel-node.js:154:22)
    at Module._compile (internal/modules/cjs/loader.js:1085:14)
    at Object.Module._extensions..js (internal/modules/cjs/loader.js:1114:10)
    at Module.load (internal/modules/cjs/loader.js:950:32)
    at Function.Module._load (internal/modules/cjs/loader.js:790:12)

2021-10-31 15:04:50 [Logs!] error: Error: listen EADDRINUSE: address already in use :::5678
    at Server.setupListenHandle [as _listen2] (net.js:1331:16)
    at listenInCluster (net.js:1379:12)
    at Server.listen (net.js:1465:7)
    at Function.listen (/Users/macbook/Desktop/CodeTest/node_modules/express/lib/application.js:618:24)
    at Object.<anonymous> (/Users/macbook/Desktop/CodeTest/app.js:53:5)
    at Module._compile (internal/modules/cjs/loader.js:1085:14)
    at loader (/Users/macbook/Desktop/CodeTest/node_modules/babel-register/lib/node.js:144:5)
    at Object.require.extensions.<computed> [as .js] (/Users/macbook/Desktop/CodeTest/node_modules/babel-register/lib/node.js:154:7)
    at Module.load (internal/modules/cjs/loader.js:950:32)
    at Function.Module._load (internal/modules/cjs/loader.js:790:12)
    at Function.executeUserEntryPoint [as runMain] (internal/modules/run_main.js:76:12)
    at Object.<anonymous> (/Users/macbook/Desktop/CodeTest/node_modules/babel-cli/lib/_babel-node.js:154:22)
    at Module._compile (internal/modules/cjs/loader.js:1085:14)
    at Object.Module._extensions..js (internal/modules/cjs/loader.js:1114:10)
    at Module.load (internal/modules/cjs/loader.js:950:32)
    at Function.Module._load (internal/modules/cjs/loader.js:790:12)

2021-10-31 15:04:50 [Logs!] error: Error: listen EADDRINUSE: address already in use :::5678
    at Server.setupListenHandle [as _listen2] (net.js:1331:16)
    at listenInCluster (net.js:1379:12)
    at Server.listen (net.js:1465:7)
    at Function.listen (/Users/macbook/Desktop/CodeTest/node_modules/express/lib/application.js:618:24)
    at Object.<anonymous> (/Users/macbook/Desktop/CodeTest/app.js:53:5)
    at Module._compile (internal/modules/cjs/loader.js:1085:14)
    at loader (/Users/macbook/Desktop/CodeTest/node_modules/babel-register/lib/node.js:144:5)
    at Object.require.extensions.<computed> [as .js] (/Users/macbook/Desktop/CodeTest/node_modules/babel-register/lib/node.js:154:7)
    at Module.load (internal/modules/cjs/loader.js:950:32)
    at Function.Module._load (internal/modules/cjs/loader.js:790:12)
    at Function.executeUserEntryPoint [as runMain] (internal/modules/run_main.js:76:12)
    at Object.<anonymous> (/Users/macbook/Desktop/CodeTest/node_modules/babel-cli/lib/_babel-node.js:154:22)
    at Module._compile (internal/modules/cjs/loader.js:1085:14)
    at Object.Module._extensions..js (internal/modules/cjs/loader.js:1114:10)
    at Module.load (internal/modules/cjs/loader.js:950:32)
    at Function.Module._load (internal/modules/cjs/loader.js:790:12)

2021-10-31 15:04:50 [Logs!] error: Error: listen EADDRINUSE: address already in use :::5678
    at Server.setupListenHandle [as _listen2] (net.js:1331:16)
    at listenInCluster (net.js:1379:12)
    at Server.listen (net.js:1465:7)
    at Function.listen (/Users/macbook/Desktop/CodeTest/node_modules/express/lib/application.js:618:24)
    at Object.<anonymous> (/Users/macbook/Desktop/CodeTest/app.js:53:5)
    at Module._compile (internal/modules/cjs/loader.js:1085:14)
    at loader (/Users/macbook/Desktop/CodeTest/node_modules/babel-register/lib/node.js:144:5)
    at Object.require.extensions.<computed> [as .js] (/Users/macbook/Desktop/CodeTest/node_modules/babel-register/lib/node.js:154:7)
    at Module.load (internal/modules/cjs/loader.js:950:32)
    at Function.Module._load (internal/modules/cjs/loader.js:790:12)
    at Function.executeUserEntryPoint [as runMain] (internal/modules/run_main.js:76:12)
    at Object.<anonymous> (/Users/macbook/Desktop/CodeTest/node_modules/babel-cli/lib/_babel-node.js:154:22)
    at Module._compile (internal/modules/cjs/loader.js:1085:14)
    at Object.Module._extensions..js (internal/modules/cjs/loader.js:1114:10)
    at Module.load (internal/modules/cjs/loader.js:950:32)
    at Function.Module._load (internal/modules/cjs/loader.js:790:12)

2021-10-31 15:04:53 [Logs!] error: Error: listen EADDRINUSE: address already in use :::5678
    at Server.setupListenHandle [as _listen2] (net.js:1331:16)
    at listenInCluster (net.js:1379:12)
    at Server.listen (net.js:1465:7)
    at Function.listen (/Users/macbook/Desktop/CodeTest/node_modules/express/lib/application.js:618:24)
    at Object.<anonymous> (/Users/macbook/Desktop/CodeTest/app.js:53:5)
    at Module._compile (internal/modules/cjs/loader.js:1085:14)
    at loader (/Users/macbook/Desktop/CodeTest/node_modules/babel-register/lib/node.js:144:5)
    at Object.require.extensions.<computed> [as .js] (/Users/macbook/Desktop/CodeTest/node_modules/babel-register/lib/node.js:154:7)
    at Module.load (internal/modules/cjs/loader.js:950:32)
    at Function.Module._load (internal/modules/cjs/loader.js:790:12)
    at Function.executeUserEntryPoint [as runMain] (internal/modules/run_main.js:76:12)
    at Object.<anonymous> (/Users/macbook/Desktop/CodeTest/node_modules/babel-cli/lib/_babel-node.js:154:22)
    at Module._compile (internal/modules/cjs/loader.js:1085:14)
    at Object.Module._extensions..js (internal/modules/cjs/loader.js:1114:10)
    at Module.load (internal/modules/cjs/loader.js:950:32)
    at Function.Module._load (internal/modules/cjs/loader.js:790:12)

2021-10-31 15:04:53 [Logs!] error: Error: listen EADDRINUSE: address already in use :::5678
    at Server.setupListenHandle [as _listen2] (net.js:1331:16)
    at listenInCluster (net.js:1379:12)
    at Server.listen (net.js:1465:7)
    at Function.listen (/Users/macbook/Desktop/CodeTest/node_modules/express/lib/application.js:618:24)
    at Object.<anonymous> (/Users/macbook/Desktop/CodeTest/app.js:53:5)
    at Module._compile (internal/modules/cjs/loader.js:1085:14)
    at loader (/Users/macbook/Desktop/CodeTest/node_modules/babel-register/lib/node.js:144:5)
    at Object.require.extensions.<computed> [as .js] (/Users/macbook/Desktop/CodeTest/node_modules/babel-register/lib/node.js:154:7)
    at Module.load (internal/modules/cjs/loader.js:950:32)
    at Function.Module._load (internal/modules/cjs/loader.js:790:12)
    at Function.executeUserEntryPoint [as runMain] (internal/modules/run_main.js:76:12)
    at Object.<anonymous> (/Users/macbook/Desktop/CodeTest/node_modules/babel-cli/lib/_babel-node.js:154:22)
    at Module._compile (internal/modules/cjs/loader.js:1085:14)
    at Object.Module._extensions..js (internal/modules/cjs/loader.js:1114:10)
    at Module.load (internal/modules/cjs/loader.js:950:32)
    at Function.Module._load (internal/modules/cjs/loader.js:790:12)

2021-10-31 15:04:53 [Logs!] error: Error: listen EADDRINUSE: address already in use :::5678
    at Server.setupListenHandle [as _listen2] (net.js:1331:16)
    at listenInCluster (net.js:1379:12)
    at Server.listen (net.js:1465:7)
    at Function.listen (/Users/macbook/Desktop/CodeTest/node_modules/express/lib/application.js:618:24)
    at Object.<anonymous> (/Users/macbook/Desktop/CodeTest/app.js:53:5)
    at Module._compile (internal/modules/cjs/loader.js:1085:14)
    at loader (/Users/macbook/Desktop/CodeTest/node_modules/babel-register/lib/node.js:144:5)
    at Object.require.extensions.<computed> [as .js] (/Users/macbook/Desktop/CodeTest/node_modules/babel-register/lib/node.js:154:7)
    at Module.load (internal/modules/cjs/loader.js:950:32)
    at Function.Module._load (internal/modules/cjs/loader.js:790:12)
    at Function.executeUserEntryPoint [as runMain] (internal/modules/run_main.js:76:12)
    at Object.<anonymous> (/Users/macbook/Desktop/CodeTest/node_modules/babel-cli/lib/_babel-node.js:154:22)
    at Module._compile (internal/modules/cjs/loader.js:1085:14)
    at Object.Module._extensions..js (internal/modules/cjs/loader.js:1114:10)
    at Module.load (internal/modules/cjs/loader.js:950:32)
    at Function.Module._load (internal/modules/cjs/loader.js:790:12)

2021-10-31 15:04:53 [Logs!] error: Error: listen EADDRINUSE: address already in use :::5678
    at Server.setupListenHandle [as _listen2] (net.js:1331:16)
    at listenInCluster (net.js:1379:12)
    at Server.listen (net.js:1465:7)
    at Function.listen (/Users/macbook/Desktop/CodeTest/node_modules/express/lib/application.js:618:24)
    at Object.<anonymous> (/Users/macbook/Desktop/CodeTest/app.js:53:5)
    at Module._compile (internal/modules/cjs/loader.js:1085:14)
    at loader (/Users/macbook/Desktop/CodeTest/node_modules/babel-register/lib/node.js:144:5)
    at Object.require.extensions.<computed> [as .js] (/Users/macbook/Desktop/CodeTest/node_modules/babel-register/lib/node.js:154:7)
    at Module.load (internal/modules/cjs/loader.js:950:32)
    at Function.Module._load (internal/modules/cjs/loader.js:790:12)
    at Function.executeUserEntryPoint [as runMain] (internal/modules/run_main.js:76:12)
    at Object.<anonymous> (/Users/macbook/Desktop/CodeTest/node_modules/babel-cli/lib/_babel-node.js:154:22)
    at Module._compile (internal/modules/cjs/loader.js:1085:14)
    at Object.Module._extensions..js (internal/modules/cjs/loader.js:1114:10)
    at Module.load (internal/modules/cjs/loader.js:950:32)
    at Function.Module._load (internal/modules/cjs/loader.js:790:12)

2021-10-31 15:04:56 [Logs!] error: Error: listen EADDRINUSE: address already in use :::5678
    at Server.setupListenHandle [as _listen2] (net.js:1331:16)
    at listenInCluster (net.js:1379:12)
    at Server.listen (net.js:1465:7)
    at Function.listen (/Users/macbook/Desktop/CodeTest/node_modules/express/lib/application.js:618:24)
    at Object.<anonymous> (/Users/macbook/Desktop/CodeTest/app.js:53:5)
    at Module._compile (internal/modules/cjs/loader.js:1085:14)
    at loader (/Users/macbook/Desktop/CodeTest/node_modules/babel-register/lib/node.js:144:5)
    at Object.require.extensions.<computed> [as .js] (/Users/macbook/Desktop/CodeTest/node_modules/babel-register/lib/node.js:154:7)
    at Module.load (internal/modules/cjs/loader.js:950:32)
    at Function.Module._load (internal/modules/cjs/loader.js:790:12)
    at Function.executeUserEntryPoint [as runMain] (internal/modules/run_main.js:76:12)
    at Object.<anonymous> (/Users/macbook/Desktop/CodeTest/node_modules/babel-cli/lib/_babel-node.js:154:22)
    at Module._compile (internal/modules/cjs/loader.js:1085:14)
    at Object.Module._extensions..js (internal/modules/cjs/loader.js:1114:10)
    at Module.load (internal/modules/cjs/loader.js:950:32)
    at Function.Module._load (internal/modules/cjs/loader.js:790:12)

2021-10-31 15:04:56 [Logs!] error: Error: listen EADDRINUSE: address already in use :::5678
    at Server.setupListenHandle [as _listen2] (net.js:1331:16)
    at listenInCluster (net.js:1379:12)
    at Server.listen (net.js:1465:7)
    at Function.listen (/Users/macbook/Desktop/CodeTest/node_modules/express/lib/application.js:618:24)
    at Object.<anonymous> (/Users/macbook/Desktop/CodeTest/app.js:53:5)
    at Module._compile (internal/modules/cjs/loader.js:1085:14)
    at loader (/Users/macbook/Desktop/CodeTest/node_modules/babel-register/lib/node.js:144:5)
    at Object.require.extensions.<computed> [as .js] (/Users/macbook/Desktop/CodeTest/node_modules/babel-register/lib/node.js:154:7)
    at Module.load (internal/modules/cjs/loader.js:950:32)
    at Function.Module._load (internal/modules/cjs/loader.js:790:12)
    at Function.executeUserEntryPoint [as runMain] (internal/modules/run_main.js:76:12)
    at Object.<anonymous> (/Users/macbook/Desktop/CodeTest/node_modules/babel-cli/lib/_babel-node.js:154:22)
    at Module._compile (internal/modules/cjs/loader.js:1085:14)
    at Object.Module._extensions..js (internal/modules/cjs/loader.js:1114:10)
    at Module.load (internal/modules/cjs/loader.js:950:32)
    at Function.Module._load (internal/modules/cjs/loader.js:790:12)

2021-10-31 15:17:01 [Logs!] error: Error: listen EADDRINUSE: address already in use :::5678
    at Server.setupListenHandle [as _listen2] (net.js:1331:16)
    at listenInCluster (net.js:1379:12)
    at Server.listen (net.js:1465:7)
    at Function.listen (/Users/macbook/Desktop/CodeTest/node_modules/express/lib/application.js:618:24)
    at Object.<anonymous> (/Users/macbook/Desktop/CodeTest/app.js:53:5)
    at Module._compile (internal/modules/cjs/loader.js:1085:14)
    at loader (/Users/macbook/Desktop/CodeTest/node_modules/babel-register/lib/node.js:144:5)
    at Object.require.extensions.<computed> [as .js] (/Users/macbook/Desktop/CodeTest/node_modules/babel-register/lib/node.js:154:7)
    at Module.load (internal/modules/cjs/loader.js:950:32)
    at Function.Module._load (internal/modules/cjs/loader.js:790:12)
    at Function.executeUserEntryPoint [as runMain] (internal/modules/run_main.js:76:12)
    at Object.<anonymous> (/Users/macbook/Desktop/CodeTest/node_modules/babel-cli/lib/_babel-node.js:154:22)
    at Module._compile (internal/modules/cjs/loader.js:1085:14)
    at Object.Module._extensions..js (internal/modules/cjs/loader.js:1114:10)
    at Module.load (internal/modules/cjs/loader.js:950:32)
    at Function.Module._load (internal/modules/cjs/loader.js:790:12)

2021-10-31 15:19:54 [Logs!] error: Error: listen EADDRINUSE: address already in use :::5678
    at Server.setupListenHandle [as _listen2] (net.js:1331:16)
    at listenInCluster (net.js:1379:12)
    at Server.listen (net.js:1465:7)
    at Function.listen (/Users/macbook/Desktop/CodeTest/node_modules/express/lib/application.js:618:24)
    at Object.<anonymous> (/Users/macbook/Desktop/CodeTest/app.js:53:5)
    at Module._compile (internal/modules/cjs/loader.js:1085:14)
    at loader (/Users/macbook/Desktop/CodeTest/node_modules/babel-register/lib/node.js:144:5)
    at Object.require.extensions.<computed> [as .js] (/Users/macbook/Desktop/CodeTest/node_modules/babel-register/lib/node.js:154:7)
    at Module.load (internal/modules/cjs/loader.js:950:32)
    at Function.Module._load (internal/modules/cjs/loader.js:790:12)
    at Function.executeUserEntryPoint [as runMain] (internal/modules/run_main.js:76:12)
    at Object.<anonymous> (/Users/macbook/Desktop/CodeTest/node_modules/babel-cli/lib/_babel-node.js:154:22)
    at Module._compile (internal/modules/cjs/loader.js:1085:14)
    at Object.Module._extensions..js (internal/modules/cjs/loader.js:1114:10)
    at Module.load (internal/modules/cjs/loader.js:950:32)
    at Function.Module._load (internal/modules/cjs/loader.js:790:12)

2021-10-31 15:19:55 [Logs!] error: Error: listen EADDRINUSE: address already in use :::5678
    at Server.setupListenHandle [as _listen2] (net.js:1331:16)
    at listenInCluster (net.js:1379:12)
    at Server.listen (net.js:1465:7)
    at Function.listen (/Users/macbook/Desktop/CodeTest/node_modules/express/lib/application.js:618:24)
    at Object.<anonymous> (/Users/macbook/Desktop/CodeTest/app.js:53:5)
    at Module._compile (internal/modules/cjs/loader.js:1085:14)
    at loader (/Users/macbook/Desktop/CodeTest/node_modules/babel-register/lib/node.js:144:5)
    at Object.require.extensions.<computed> [as .js] (/Users/macbook/Desktop/CodeTest/node_modules/babel-register/lib/node.js:154:7)
    at Module.load (internal/modules/cjs/loader.js:950:32)
    at Function.Module._load (internal/modules/cjs/loader.js:790:12)
    at Function.executeUserEntryPoint [as runMain] (internal/modules/run_main.js:76:12)
    at Object.<anonymous> (/Users/macbook/Desktop/CodeTest/node_modules/babel-cli/lib/_babel-node.js:154:22)
    at Module._compile (internal/modules/cjs/loader.js:1085:14)
    at Object.Module._extensions..js (internal/modules/cjs/loader.js:1114:10)
    at Module.load (internal/modules/cjs/loader.js:950:32)
    at Function.Module._load (internal/modules/cjs/loader.js:790:12)

2021-10-31 15:19:59 [Logs!] error: Error: listen EADDRINUSE: address already in use :::5678
    at Server.setupListenHandle [as _listen2] (net.js:1331:16)
    at listenInCluster (net.js:1379:12)
    at Server.listen (net.js:1465:7)
    at Function.listen (/Users/macbook/Desktop/CodeTest/node_modules/express/lib/application.js:618:24)
    at Object.<anonymous> (/Users/macbook/Desktop/CodeTest/app.js:53:5)
    at Module._compile (internal/modules/cjs/loader.js:1085:14)
    at loader (/Users/macbook/Desktop/CodeTest/node_modules/babel-register/lib/node.js:144:5)
    at Object.require.extensions.<computed> [as .js] (/Users/macbook/Desktop/CodeTest/node_modules/babel-register/lib/node.js:154:7)
    at Module.load (internal/modules/cjs/loader.js:950:32)
    at Function.Module._load (internal/modules/cjs/loader.js:790:12)
    at Function.executeUserEntryPoint [as runMain] (internal/modules/run_main.js:76:12)
    at Object.<anonymous> (/Users/macbook/Desktop/CodeTest/node_modules/babel-cli/lib/_babel-node.js:154:22)
    at Module._compile (internal/modules/cjs/loader.js:1085:14)
    at Object.Module._extensions..js (internal/modules/cjs/loader.js:1114:10)
    at Module.load (internal/modules/cjs/loader.js:950:32)
    at Function.Module._load (internal/modules/cjs/loader.js:790:12)

2021-10-31 15:19:59 [Logs!] error: Error: listen EADDRINUSE: address already in use :::5678
    at Server.setupListenHandle [as _listen2] (net.js:1331:16)
    at listenInCluster (net.js:1379:12)
    at Server.listen (net.js:1465:7)
    at Function.listen (/Users/macbook/Desktop/CodeTest/node_modules/express/lib/application.js:618:24)
    at Object.<anonymous> (/Users/macbook/Desktop/CodeTest/app.js:53:5)
    at Module._compile (internal/modules/cjs/loader.js:1085:14)
    at loader (/Users/macbook/Desktop/CodeTest/node_modules/babel-register/lib/node.js:144:5)
    at Object.require.extensions.<computed> [as .js] (/Users/macbook/Desktop/CodeTest/node_modules/babel-register/lib/node.js:154:7)
    at Module.load (internal/modules/cjs/loader.js:950:32)
    at Function.Module._load (internal/modules/cjs/loader.js:790:12)
    at Function.executeUserEntryPoint [as runMain] (internal/modules/run_main.js:76:12)
    at Object.<anonymous> (/Users/macbook/Desktop/CodeTest/node_modules/babel-cli/lib/_babel-node.js:154:22)
    at Module._compile (internal/modules/cjs/loader.js:1085:14)
    at Object.Module._extensions..js (internal/modules/cjs/loader.js:1114:10)
    at Module.load (internal/modules/cjs/loader.js:950:32)
    at Function.Module._load (internal/modules/cjs/loader.js:790:12)

2021-10-31 15:20:37 [Logs!] error: Error: listen EADDRINUSE: address already in use :::5678
    at Server.setupListenHandle [as _listen2] (net.js:1331:16)
    at listenInCluster (net.js:1379:12)
    at Server.listen (net.js:1465:7)
    at Function.listen (/Users/macbook/Desktop/CodeTest/node_modules/express/lib/application.js:618:24)
    at Object.<anonymous> (/Users/macbook/Desktop/CodeTest/app.js:53:5)
    at Module._compile (internal/modules/cjs/loader.js:1085:14)
    at loader (/Users/macbook/Desktop/CodeTest/node_modules/babel-register/lib/node.js:144:5)
    at Object.require.extensions.<computed> [as .js] (/Users/macbook/Desktop/CodeTest/node_modules/babel-register/lib/node.js:154:7)
    at Module.load (internal/modules/cjs/loader.js:950:32)
    at Function.Module._load (internal/modules/cjs/loader.js:790:12)
    at Function.executeUserEntryPoint [as runMain] (internal/modules/run_main.js:76:12)
    at Object.<anonymous> (/Users/macbook/Desktop/CodeTest/node_modules/babel-cli/lib/_babel-node.js:154:22)
    at Module._compile (internal/modules/cjs/loader.js:1085:14)
    at Object.Module._extensions..js (internal/modules/cjs/loader.js:1114:10)
    at Module.load (internal/modules/cjs/loader.js:950:32)
    at Function.Module._load (internal/modules/cjs/loader.js:790:12)

2021-10-31 15:20:44 [Logs!] error: Error: listen EADDRINUSE: address already in use :::5678
    at Server.setupListenHandle [as _listen2] (net.js:1331:16)
    at listenInCluster (net.js:1379:12)
    at Server.listen (net.js:1465:7)
    at Function.listen (/Users/macbook/Desktop/CodeTest/node_modules/express/lib/application.js:618:24)
    at Object.<anonymous> (/Users/macbook/Desktop/CodeTest/app.js:53:5)
    at Module._compile (internal/modules/cjs/loader.js:1085:14)
    at loader (/Users/macbook/Desktop/CodeTest/node_modules/babel-register/lib/node.js:144:5)
    at Object.require.extensions.<computed> [as .js] (/Users/macbook/Desktop/CodeTest/node_modules/babel-register/lib/node.js:154:7)
    at Module.load (internal/modules/cjs/loader.js:950:32)
    at Function.Module._load (internal/modules/cjs/loader.js:790:12)
    at Function.executeUserEntryPoint [as runMain] (internal/modules/run_main.js:76:12)
    at Object.<anonymous> (/Users/macbook/Desktop/CodeTest/node_modules/babel-cli/lib/_babel-node.js:154:22)
    at Module._compile (internal/modules/cjs/loader.js:1085:14)
    at Object.Module._extensions..js (internal/modules/cjs/loader.js:1114:10)
    at Module.load (internal/modules/cjs/loader.js:950:32)
    at Function.Module._load (internal/modules/cjs/loader.js:790:12)

2021-10-31 15:20:49 [Logs!] error: Error: listen EADDRINUSE: address already in use :::5678
    at Server.setupListenHandle [as _listen2] (net.js:1331:16)
    at listenInCluster (net.js:1379:12)
    at Server.listen (net.js:1465:7)
    at Function.listen (/Users/macbook/Desktop/CodeTest/node_modules/express/lib/application.js:618:24)
    at Object.<anonymous> (/Users/macbook/Desktop/CodeTest/app.js:53:5)
    at Module._compile (internal/modules/cjs/loader.js:1085:14)
    at loader (/Users/macbook/Desktop/CodeTest/node_modules/babel-register/lib/node.js:144:5)
    at Object.require.extensions.<computed> [as .js] (/Users/macbook/Desktop/CodeTest/node_modules/babel-register/lib/node.js:154:7)
    at Module.load (internal/modules/cjs/loader.js:950:32)
    at Function.Module._load (internal/modules/cjs/loader.js:790:12)
    at Function.executeUserEntryPoint [as runMain] (internal/modules/run_main.js:76:12)
    at Object.<anonymous> (/Users/macbook/Desktop/CodeTest/node_modules/babel-cli/lib/_babel-node.js:154:22)
    at Module._compile (internal/modules/cjs/loader.js:1085:14)
    at Object.Module._extensions..js (internal/modules/cjs/loader.js:1114:10)
    at Module.load (internal/modules/cjs/loader.js:950:32)
    at Function.Module._load (internal/modules/cjs/loader.js:790:12)

2021-10-31 15:20:50 [Logs!] error: Error: listen EADDRINUSE: address already in use :::5678
    at Server.setupListenHandle [as _listen2] (net.js:1331:16)
    at listenInCluster (net.js:1379:12)
    at Server.listen (net.js:1465:7)
    at Function.listen (/Users/macbook/Desktop/CodeTest/node_modules/express/lib/application.js:618:24)
    at Object.<anonymous> (/Users/macbook/Desktop/CodeTest/app.js:53:5)
    at Module._compile (internal/modules/cjs/loader.js:1085:14)
    at loader (/Users/macbook/Desktop/CodeTest/node_modules/babel-register/lib/node.js:144:5)
    at Object.require.extensions.<computed> [as .js] (/Users/macbook/Desktop/CodeTest/node_modules/babel-register/lib/node.js:154:7)
    at Module.load (internal/modules/cjs/loader.js:950:32)
    at Function.Module._load (internal/modules/cjs/loader.js:790:12)
    at Function.executeUserEntryPoint [as runMain] (internal/modules/run_main.js:76:12)
    at Object.<anonymous> (/Users/macbook/Desktop/CodeTest/node_modules/babel-cli/lib/_babel-node.js:154:22)
    at Module._compile (internal/modules/cjs/loader.js:1085:14)
    at Object.Module._extensions..js (internal/modules/cjs/loader.js:1114:10)
    at Module.load (internal/modules/cjs/loader.js:950:32)
    at Function.Module._load (internal/modules/cjs/loader.js:790:12)

2021-10-31 15:20:50 [Logs!] error: Error: listen EADDRINUSE: address already in use :::5678
    at Server.setupListenHandle [as _listen2] (net.js:1331:16)
    at listenInCluster (net.js:1379:12)
    at Server.listen (net.js:1465:7)
    at Function.listen (/Users/macbook/Desktop/CodeTest/node_modules/express/lib/application.js:618:24)
    at Object.<anonymous> (/Users/macbook/Desktop/CodeTest/app.js:53:5)
    at Module._compile (internal/modules/cjs/loader.js:1085:14)
    at loader (/Users/macbook/Desktop/CodeTest/node_modules/babel-register/lib/node.js:144:5)
    at Object.require.extensions.<computed> [as .js] (/Users/macbook/Desktop/CodeTest/node_modules/babel-register/lib/node.js:154:7)
    at Module.load (internal/modules/cjs/loader.js:950:32)
    at Function.Module._load (internal/modules/cjs/loader.js:790:12)
    at Function.executeUserEntryPoint [as runMain] (internal/modules/run_main.js:76:12)
    at Object.<anonymous> (/Users/macbook/Desktop/CodeTest/node_modules/babel-cli/lib/_babel-node.js:154:22)
    at Module._compile (internal/modules/cjs/loader.js:1085:14)
    at Object.Module._extensions..js (internal/modules/cjs/loader.js:1114:10)
    at Module.load (internal/modules/cjs/loader.js:950:32)
    at Function.Module._load (internal/modules/cjs/loader.js:790:12)

2021-10-31 15:33:47 [Logs!] error: Error: listen EADDRINUSE: address already in use :::5678
    at Server.setupListenHandle [as _listen2] (net.js:1331:16)
    at listenInCluster (net.js:1379:12)
    at Server.listen (net.js:1465:7)
    at Function.listen (/Users/macbook/Desktop/CodeTest/node_modules/express/lib/application.js:618:24)
    at Object.<anonymous> (/Users/macbook/Desktop/CodeTest/app.js:53:5)
    at Module._compile (internal/modules/cjs/loader.js:1085:14)
    at loader (/Users/macbook/Desktop/CodeTest/node_modules/babel-register/lib/node.js:144:5)
    at Object.require.extensions.<computed> [as .js] (/Users/macbook/Desktop/CodeTest/node_modules/babel-register/lib/node.js:154:7)
    at Module.load (internal/modules/cjs/loader.js:950:32)
    at Function.Module._load (internal/modules/cjs/loader.js:790:12)
    at Function.executeUserEntryPoint [as runMain] (internal/modules/run_main.js:76:12)
    at Object.<anonymous> (/Users/macbook/Desktop/CodeTest/node_modules/babel-cli/lib/_babel-node.js:154:22)
    at Module._compile (internal/modules/cjs/loader.js:1085:14)
    at Object.Module._extensions..js (internal/modules/cjs/loader.js:1114:10)
    at Module.load (internal/modules/cjs/loader.js:950:32)
    at Function.Module._load (internal/modules/cjs/loader.js:790:12)

2021-10-31 15:33:51 [Logs!] error: Error: listen EADDRINUSE: address already in use :::5678
    at Server.setupListenHandle [as _listen2] (net.js:1331:16)
    at listenInCluster (net.js:1379:12)
    at Server.listen (net.js:1465:7)
    at Function.listen (/Users/macbook/Desktop/CodeTest/node_modules/express/lib/application.js:618:24)
    at Object.<anonymous> (/Users/macbook/Desktop/CodeTest/app.js:53:5)
    at Module._compile (internal/modules/cjs/loader.js:1085:14)
    at loader (/Users/macbook/Desktop/CodeTest/node_modules/babel-register/lib/node.js:144:5)
    at Object.require.extensions.<computed> [as .js] (/Users/macbook/Desktop/CodeTest/node_modules/babel-register/lib/node.js:154:7)
    at Module.load (internal/modules/cjs/loader.js:950:32)
    at Function.Module._load (internal/modules/cjs/loader.js:790:12)
    at Function.executeUserEntryPoint [as runMain] (internal/modules/run_main.js:76:12)
    at Object.<anonymous> (/Users/macbook/Desktop/CodeTest/node_modules/babel-cli/lib/_babel-node.js:154:22)
    at Module._compile (internal/modules/cjs/loader.js:1085:14)
    at Object.Module._extensions..js (internal/modules/cjs/loader.js:1114:10)
    at Module.load (internal/modules/cjs/loader.js:950:32)
    at Function.Module._load (internal/modules/cjs/loader.js:790:12)

2021-10-31 15:33:51 [Logs!] error: Error: listen EADDRINUSE: address already in use :::5678
    at Server.setupListenHandle [as _listen2] (net.js:1331:16)
    at listenInCluster (net.js:1379:12)
    at Server.listen (net.js:1465:7)
    at Function.listen (/Users/macbook/Desktop/CodeTest/node_modules/express/lib/application.js:618:24)
    at Object.<anonymous> (/Users/macbook/Desktop/CodeTest/app.js:53:5)
    at Module._compile (internal/modules/cjs/loader.js:1085:14)
    at loader (/Users/macbook/Desktop/CodeTest/node_modules/babel-register/lib/node.js:144:5)
    at Object.require.extensions.<computed> [as .js] (/Users/macbook/Desktop/CodeTest/node_modules/babel-register/lib/node.js:154:7)
    at Module.load (internal/modules/cjs/loader.js:950:32)
    at Function.Module._load (internal/modules/cjs/loader.js:790:12)
    at Function.executeUserEntryPoint [as runMain] (internal/modules/run_main.js:76:12)
    at Object.<anonymous> (/Users/macbook/Desktop/CodeTest/node_modules/babel-cli/lib/_babel-node.js:154:22)
    at Module._compile (internal/modules/cjs/loader.js:1085:14)
    at Object.Module._extensions..js (internal/modules/cjs/loader.js:1114:10)
    at Module.load (internal/modules/cjs/loader.js:950:32)
    at Function.Module._load (internal/modules/cjs/loader.js:790:12)

2021-10-31 15:34:00 [Logs!] error: Error: listen EADDRINUSE: address already in use :::5678
    at Server.setupListenHandle [as _listen2] (net.js:1331:16)
    at listenInCluster (net.js:1379:12)
    at Server.listen (net.js:1465:7)
    at Function.listen (/Users/macbook/Desktop/CodeTest/node_modules/express/lib/application.js:618:24)
    at Object.<anonymous> (/Users/macbook/Desktop/CodeTest/app.js:53:5)
    at Module._compile (internal/modules/cjs/loader.js:1085:14)
    at loader (/Users/macbook/Desktop/CodeTest/node_modules/babel-register/lib/node.js:144:5)
    at Object.require.extensions.<computed> [as .js] (/Users/macbook/Desktop/CodeTest/node_modules/babel-register/lib/node.js:154:7)
    at Module.load (internal/modules/cjs/loader.js:950:32)
    at Function.Module._load (internal/modules/cjs/loader.js:790:12)
    at Function.executeUserEntryPoint [as runMain] (internal/modules/run_main.js:76:12)
    at Object.<anonymous> (/Users/macbook/Desktop/CodeTest/node_modules/babel-cli/lib/_babel-node.js:154:22)
    at Module._compile (internal/modules/cjs/loader.js:1085:14)
    at Object.Module._extensions..js (internal/modules/cjs/loader.js:1114:10)
    at Module.load (internal/modules/cjs/loader.js:950:32)
    at Function.Module._load (internal/modules/cjs/loader.js:790:12)

2021-10-31 15:34:00 [Logs!] error: Error: listen EADDRINUSE: address already in use :::5678
    at Server.setupListenHandle [as _listen2] (net.js:1331:16)
    at listenInCluster (net.js:1379:12)
    at Server.listen (net.js:1465:7)
    at Function.listen (/Users/macbook/Desktop/CodeTest/node_modules/express/lib/application.js:618:24)
    at Object.<anonymous> (/Users/macbook/Desktop/CodeTest/app.js:53:5)
    at Module._compile (internal/modules/cjs/loader.js:1085:14)
    at loader (/Users/macbook/Desktop/CodeTest/node_modules/babel-register/lib/node.js:144:5)
    at Object.require.extensions.<computed> [as .js] (/Users/macbook/Desktop/CodeTest/node_modules/babel-register/lib/node.js:154:7)
    at Module.load (internal/modules/cjs/loader.js:950:32)
    at Function.Module._load (internal/modules/cjs/loader.js:790:12)
    at Function.executeUserEntryPoint [as runMain] (internal/modules/run_main.js:76:12)
    at Object.<anonymous> (/Users/macbook/Desktop/CodeTest/node_modules/babel-cli/lib/_babel-node.js:154:22)
    at Module._compile (internal/modules/cjs/loader.js:1085:14)
    at Object.Module._extensions..js (internal/modules/cjs/loader.js:1114:10)
    at Module.load (internal/modules/cjs/loader.js:950:32)
    at Function.Module._load (internal/modules/cjs/loader.js:790:12)

2021-10-31 15:37:05 [Logs!] error: Error: listen EADDRINUSE: address already in use :::5678
    at Server.setupListenHandle [as _listen2] (net.js:1331:16)
    at listenInCluster (net.js:1379:12)
    at Server.listen (net.js:1465:7)
    at Function.listen (/Users/macbook/Desktop/CodeTest/node_modules/express/lib/application.js:618:24)
    at Object.<anonymous> (/Users/macbook/Desktop/CodeTest/app.js:53:5)
    at Module._compile (internal/modules/cjs/loader.js:1085:14)
    at loader (/Users/macbook/Desktop/CodeTest/node_modules/babel-register/lib/node.js:144:5)
    at Object.require.extensions.<computed> [as .js] (/Users/macbook/Desktop/CodeTest/node_modules/babel-register/lib/node.js:154:7)
    at Module.load (internal/modules/cjs/loader.js:950:32)
    at Function.Module._load (internal/modules/cjs/loader.js:790:12)
    at Function.executeUserEntryPoint [as runMain] (internal/modules/run_main.js:76:12)
    at Object.<anonymous> (/Users/macbook/Desktop/CodeTest/node_modules/babel-cli/lib/_babel-node.js:154:22)
    at Module._compile (internal/modules/cjs/loader.js:1085:14)
    at Object.Module._extensions..js (internal/modules/cjs/loader.js:1114:10)
    at Module.load (internal/modules/cjs/loader.js:950:32)
    at Function.Module._load (internal/modules/cjs/loader.js:790:12)

2021-10-31 15:48:43 [Logs!] error: Error: listen EADDRINUSE: address already in use :::5678
    at Server.setupListenHandle [as _listen2] (net.js:1331:16)
    at listenInCluster (net.js:1379:12)
    at Server.listen (net.js:1465:7)
    at Function.listen (/Users/macbook/Desktop/CodeTest/node_modules/express/lib/application.js:618:24)
    at Object.<anonymous> (/Users/macbook/Desktop/CodeTest/app.js:53:5)
    at Module._compile (internal/modules/cjs/loader.js:1085:14)
    at loader (/Users/macbook/Desktop/CodeTest/node_modules/babel-register/lib/node.js:144:5)
    at Object.require.extensions.<computed> [as .js] (/Users/macbook/Desktop/CodeTest/node_modules/babel-register/lib/node.js:154:7)
    at Module.load (internal/modules/cjs/loader.js:950:32)
    at Function.Module._load (internal/modules/cjs/loader.js:790:12)
    at Function.executeUserEntryPoint [as runMain] (internal/modules/run_main.js:76:12)
    at Object.<anonymous> (/Users/macbook/Desktop/CodeTest/node_modules/babel-cli/lib/_babel-node.js:154:22)
    at Module._compile (internal/modules/cjs/loader.js:1085:14)
    at Object.Module._extensions..js (internal/modules/cjs/loader.js:1114:10)
    at Module.load (internal/modules/cjs/loader.js:950:32)
    at Function.Module._load (internal/modules/cjs/loader.js:790:12)

